AMITEX_PATH = /home/alessio/Thesis_Merope/Merope/amitex_fftp-v8.17.14
VERSION 8.17.14
Duration COPY XML files (s) :  0.43821390E-02
 
STRUCTURE GRID, pinceau 0
----dimensions nx,ny,nz   250  250  250
----pas dx,dy,dz  0.40000000E-01 0.40000000E-01 0.40000000E-01
----volume voxel dV  0.64000000E-04
----taille maximale Tmax  0.10000000E+02
Duration READ HEADINGS vtk files (s) :  0.94989000E-04
Simulation performed on 6 process with :
2 lines
3 columns
Dimensions : 250x250x250
Duration INITIALIZE 2DECOMP&FFT (s):  0.25035811E+01
Parametres de l'algorithme definis dans le fichier : algo_default_diffusion.xml
Duration READING algorithm parameters (s) :  0.95079800E-03
Simulation without composite voxels
 
LECTURE DES PROPRIETES MATERIAU
Pas de numero de materiau defini dans un fichier vtk.
Numeros de zones definis dans le fichier : double_layer_structure.vtk
Duration READING the geometry (s):  0.10431790E+03
Materials defined in file : mat_lin_diffusion.xml
Duration BUILDING 'material' derived type :  0.15958014E-01
 
STRUCTURE PARAM_ALGO 
=====================
 
Commun MECANIQUE-DIFFUSION
Algorithme : basic_scheme    
Critere d'equilibre :  0.10000000E-03
Critere sur la contrainte moyenne :  0.10000000E-03
Critere en deformation :  0.10000000E-09
Simulation with convergence acceleration.
Acceleration every      3 iterations.
Max number of iterations :   3000
Min number of iterations :      1
Min number of iterations after an acceleration (0 or 1) :      1
Calcul effectue sans convergence forcee.
Initilisation ('default' ou 'previous') : default         
 
Specifique DIFFUSION
Calcul stationnaire
Filtre de l'operateur de Green : hexa             R =  0.10000000E+01
Nombre de variables de diffusion :    1
 
 
STRUCTURE MATERIAU, pinceau 0
----Indice 1
numM 1
taille du vecteur 'position' 2593750
taille du tableau 'zone' 15993
libnameK /home/alessio/Thesis_Merope/Merope/amitex_fftp-v8.17.14/libAmitex/src/materiauxK/libUmatAmitexK.so
lawnameK fourier_iso_polarization
NCoeffK 4
tailles du tableau 'CoeffK' :4 - 15993
CoeffK(1,1) -0.22250700-304
 
Chargement defini dans le fichier : loading.xml
Duree de la construction de la structure chargement :  0.12275940E-02
Nombre de pas de chargement :            1
 
STRUCTURE LOADING, pinceau 0
----Indice 1
Nincr 1
Temps final  0.10000000E+01
Discretisation (0=user, 1=lin.) 0
Pilotage (0=GradD, 1=FluxD) 0
Evolution, Diff, (0=const., 1=lin.) 1
Valeur imposee, Diffusion, fin de charg.  0.00000000E+00
Pilotage (0=GradD, 1=FluxD) 0
Evolution, Diff, (0=const., 1=lin.) 1
Valeur imposee, Diffusion, fin de charg.  0.00000000E+00
Pilotage (0=GradD, 1=FluxD) 0
Evolution, Diff, (0=const., 1=lin.) 1
Valeur imposee, Diffusion, fin de charg.  0.00000000E+00
Evolution, Temp., (0=const., 1=lin.) 0
Temperature, fin de charg.  0.00000000E+00
 
 
STRUCTURE INITLOADEXT, pinceau 0
Temperature non initialisee par l'utilisateur 
Nombre de parametres exterieurs 0
Temperature initiale  0.00000000E+00
 
 
STRUCTURE PARAM_EXTRACT, pinceau 0
Nombre de pas de temps ou extraire des fichiers vtk  1
Nombre de pas de temps ou extraire des fichiers zstd 0
Sortie vtk des FluxD  F
Sortie vtk des GradD  F
Sortie des moyennes par zone pour le materiau 1 :  F
Nombre de sortie .zstd pour le chargement 1 : 0
 
Nombre de sortie .std pour le chargement 1 : 1
 
Duration TOTAL INITAIALIZATION (s) :  0.10729854E+03

==================================================
Pas de temps fictif :       0.5

-----------------------------

pas de chargement fictif        0.5
      10 iterations
criteres d'equilibre                (meca,diff) : 0.66774783-309 ,  0.41642095E-02
criteres sur la contrainte moyenne  (meca,diff) : 0.00000000E+00 ,  0.00000000E+00
criteres de compatibilite           (meca,diff) :-0.21143642-293 ,  0.00000000E+00
criteres sur la deformation moyenne (meca,diff) : 0.69529314-309 ,  0.00000000E+00
Temps total apres initialisation : 0.13349426E+02
Temps des 10 dernieres iterations : 0.12731322E+02
Temps :
FFT_contrainte IFFT_deformation     umat        apply_green   eval_criteres  ecriture
 0.25998319E+01 0.31370047E+01 0.36947746E+01 0.88486519E+00 0.36421943E+00 0.12023700E-03

-----------------------------

pas de chargement fictif        0.5
      20 iterations
criteres d'equilibre                (meca,diff) : 0.66774783-309 ,  0.16825077E-02
criteres sur la contrainte moyenne  (meca,diff) : 0.00000000E+00 ,  0.00000000E+00
criteres de compatibilite           (meca,diff) :-0.21143642-293 ,  0.00000000E+00
criteres sur la deformation moyenne (meca,diff) : 0.69529314-309 ,  0.00000000E+00
Temps total apres initialisation : 0.24839567E+02
Temps des 10 dernieres iterations : 0.11490016E+02
Temps :
FFT_contrainte IFFT_deformation     umat        apply_green   eval_criteres  ecriture
 0.49602178E+01 0.59840902E+01 0.67466512E+01 0.16886354E+01 0.69276884E+00 0.30497600E-03

-----------------------------

pas de chargement fictif        0.5
      30 iterations
criteres d'equilibre                (meca,diff) : 0.66774783-309 ,  0.84761275E-03
criteres sur la contrainte moyenne  (meca,diff) : 0.00000000E+00 ,  0.00000000E+00
criteres de compatibilite           (meca,diff) :-0.21143642-293 ,  0.00000000E+00
criteres sur la deformation moyenne (meca,diff) : 0.69529314-309 ,  0.00000000E+00
Temps total apres initialisation : 0.36342594E+02
Temps des 10 dernieres iterations : 0.11502839E+02
Temps :
FFT_contrainte IFFT_deformation     umat        apply_green   eval_criteres  ecriture
 0.73238401E+01 0.88298962E+01 0.98085842E+01 0.24932523E+01 0.10204494E+01 0.40814200E-03

-----------------------------

pas de chargement fictif        0.5
      40 iterations
criteres d'equilibre                (meca,diff) : 0.66774783-309 ,  0.33601097E-03
criteres sur la contrainte moyenne  (meca,diff) : 0.00000000E+00 ,  0.00000000E+00
criteres de compatibilite           (meca,diff) :-0.21143642-293 ,  0.00000000E+00
criteres sur la deformation moyenne (meca,diff) : 0.69529314-309 ,  0.00000000E+00
Temps total apres initialisation : 0.48593192E+02
Temps des 10 dernieres iterations : 0.12250491E+02
Temps :
FFT_contrainte IFFT_deformation     umat        apply_green   eval_criteres  ecriture
 0.96873479E+01 0.11671363E+02 0.12880098E+02 0.32985224E+01 0.13512641E+01 0.51826100E-03

-----------------------------

pas de chargement fictif        0.5
      50 iterations
criteres d'equilibre                (meca,diff) : 0.66774783-309 ,  0.18386470E-03
criteres sur la contrainte moyenne  (meca,diff) : 0.00000000E+00 ,  0.00000000E+00
criteres de compatibilite           (meca,diff) :-0.21143642-293 ,  0.00000000E+00
criteres sur la deformation moyenne (meca,diff) : 0.69529314-309 ,  0.00000000E+00
Temps total apres initialisation : 0.60283119E+02
Temps des 10 dernieres iterations : 0.11689814E+02
Temps :
FFT_contrainte IFFT_deformation     umat        apply_green   eval_criteres  ecriture
 0.12046418E+02 0.14507737E+02 0.15947126E+02 0.41026443E+01 0.16827692E+01 0.62159700E-03

-----------------------------

pas de chargement fictif        0.5
      60 iterations
criteres d'equilibre                (meca,diff) : 0.66774783-309 ,  0.12469582E-03
criteres sur la contrainte moyenne  (meca,diff) : 0.00000000E+00 ,  0.00000000E+00
criteres de compatibilite           (meca,diff) :-0.21143642-293 ,  0.00000000E+00
criteres sur la deformation moyenne (meca,diff) : 0.69529314-309 ,  0.00000000E+00
Temps total apres initialisation : 0.71984899E+02
Temps des 10 dernieres iterations : 0.11701672E+02
Temps :
FFT_contrainte IFFT_deformation     umat        apply_green   eval_criteres  ecriture
 0.14412580E+02 0.17345317E+02 0.19016184E+02 0.49075430E+01 0.20138720E+01 0.72803800E-03

--------------------------------------------------
Fin du pas de chargement fictif :       0.5
Nombre d'iterations     :      67
criteres d'equilibre                (meca,diff) : 0.66774783-309 ,  0.99781509E-04
criteres sur la contrainte moyenne  (meca,diff) : 0.00000000E+00 ,  0.00000000E+00
criteres de compatibilite           (meca,diff) :-0.21143642-293 ,  0.54728976E-15
criteres sur la deformation moyenne (meca,diff) : 0.69529314-309 ,  0.00000000E+00
Temps total             : 0.79432024E+02
FFT_contrainte IFFT_deformation     umat        appli_green   eval_criteres  ecriture
Temps total :
 0.16065798E+02 0.19049409E+02 0.20855863E+02 0.53903354E+01 0.22678930E+01 0.18863065E-01
Temps pour le pas de chargement :
 0.16065798E+02 0.19049409E+02 0.20855863E+02 0.53903354E+01 0.22678930E+01 0.18863065E-01
Temps total pris par le pas de chargement  0.79450133E+02
==================================================
==================================================



==================================================
Pas de temps :       1

-----------------------------

pas de chargement        1
      10 iterations
criteres d'equilibre                (meca,diff) : 0.66774783-309 ,  0.62490254E-02
criteres sur la contrainte moyenne  (meca,diff) : 0.00000000E+00 ,  0.00000000E+00
criteres de compatibilite           (meca,diff) :-0.21143642-293 ,  0.00000000E+00
criteres sur la deformation moyenne (meca,diff) : 0.69529314-309 ,  0.00000000E+00
Temps total apres initialisation : 0.92740171E+02
Temps des 10 dernieres iterations : 0.12671674E+02
Temps :
FFT_contrainte IFFT_deformation     umat        apply_green   eval_criteres  ecriture
 0.18658807E+02 0.22176644E+02 0.24538736E+02 0.62726745E+01 0.26286110E+01 0.19000786E-01

-----------------------------

pas de chargement        1
      20 iterations
criteres d'equilibre                (meca,diff) : 0.66774783-309 ,  0.25312931E-02
criteres sur la contrainte moyenne  (meca,diff) : 0.00000000E+00 ,  0.00000000E+00
criteres de compatibilite           (meca,diff) :-0.21143642-293 ,  0.00000000E+00
criteres sur la deformation moyenne (meca,diff) : 0.69529314-309 ,  0.00000000E+00
Temps total apres initialisation : 0.10429823E+03
Temps des 10 dernieres iterations : 0.11557931E+02
Temps :
FFT_contrainte IFFT_deformation     umat        apply_green   eval_criteres  ecriture
 0.21032630E+02 0.25035560E+02 0.27644179E+02 0.70752990E+01 0.29570018E+01 0.19115663E-01

-----------------------------

pas de chargement        1
      30 iterations
criteres d'equilibre                (meca,diff) : 0.66774783-309 ,  0.12832274E-02
criteres sur la contrainte moyenne  (meca,diff) : 0.00000000E+00 ,  0.00000000E+00
criteres de compatibilite           (meca,diff) :-0.21143642-293 ,  0.00000000E+00
criteres sur la deformation moyenne (meca,diff) : 0.69529314-309 ,  0.00000000E+00
Temps total apres initialisation : 0.11580137E+03
Temps des 10 dernieres iterations : 0.11503019E+02
Temps :
FFT_contrainte IFFT_deformation     umat        apply_green   eval_criteres  ecriture
 0.23393920E+02 0.27888227E+02 0.30703531E+02 0.78784949E+01 0.32850188E+01 0.19236773E-01

-----------------------------

pas de chargement        1
      40 iterations
criteres d'equilibre                (meca,diff) : 0.66774783-309 ,  0.48249469E-03
criteres sur la contrainte moyenne  (meca,diff) : 0.00000000E+00 ,  0.00000000E+00
criteres de compatibilite           (meca,diff) :-0.21143642-293 ,  0.00000000E+00
criteres sur la deformation moyenne (meca,diff) : 0.69529314-309 ,  0.00000000E+00
Temps total apres initialisation : 0.12805838E+03
Temps des 10 dernieres iterations : 0.12256887E+02
Temps :
FFT_contrainte IFFT_deformation     umat        apply_green   eval_criteres  ecriture
 0.25756935E+02 0.30752473E+02 0.33766398E+02 0.86826632E+01 0.36075583E+01 0.19353384E-01

-----------------------------

pas de chargement        1
      50 iterations
criteres d'equilibre                (meca,diff) : 0.66774783-309 ,  0.22678903E-03
criteres sur la contrainte moyenne  (meca,diff) : 0.00000000E+00 ,  0.00000000E+00
criteres de compatibilite           (meca,diff) :-0.21143642-293 ,  0.00000000E+00
criteres sur la deformation moyenne (meca,diff) : 0.69529314-309 ,  0.00000000E+00
Temps total apres initialisation : 0.13978891E+03
Temps des 10 dernieres iterations : 0.11730411E+02
Temps :
FFT_contrainte IFFT_deformation     umat        apply_green   eval_criteres  ecriture
 0.28122298E+02 0.33619815E+02 0.36808680E+02 0.94850653E+01 0.39130910E+01 0.19464043E-01

-----------------------------

pas de chargement        1
      60 iterations
criteres d'equilibre                (meca,diff) : 0.66774783-309 ,  0.13411323E-03
criteres sur la contrainte moyenne  (meca,diff) : 0.00000000E+00 ,  0.00000000E+00
criteres de compatibilite           (meca,diff) :-0.21143642-293 ,  0.00000000E+00
criteres sur la deformation moyenne (meca,diff) : 0.69529314-309 ,  0.00000000E+00
Temps total apres initialisation : 0.15152136E+03
Temps des 10 dernieres iterations : 0.11732328E+02
Temps :
FFT_contrainte IFFT_deformation     umat        apply_green   eval_criteres  ecriture
 0.30488864E+02 0.36492071E+02 0.39848948E+02 0.10287708E+02 0.42177912E+01 0.19654343E-01
Temps ecriture VTK :  0.20408000E-04

--------------------------------------------------
Fin du pas de chargement :       1
Nombre d'iterations     :      66
criteres d'equilibre                (meca,diff) : 0.66774783-309 ,  0.98939136E-04
criteres sur la contrainte moyenne  (meca,diff) : 0.00000000E+00 ,  0.00000000E+00
criteres de compatibilite           (meca,diff) :-0.21143642-293 ,  0.52605566E-16
criteres sur la deformation moyenne (meca,diff) : 0.69529314-309 ,  0.00000000E+00
Temps total             : 0.15801178E+03
FFT_contrainte IFFT_deformation     umat        appli_green   eval_criteres  ecriture
Temps total :
 0.31906984E+02 0.37928580E+02 0.41381622E+02 0.10689746E+02 0.44274926E+01 0.69703787E-01
Temps pour le pas de chargement :
 0.15841186E+02 0.18879171E+02 0.20525760E+02 0.52994109E+01 0.21595996E+01 0.50831825E-01
Temps total pris par le pas de chargement  0.78579525E+02
==================================================
==================================================


nombre total d'iterations :
         133
temps total ecritures = 0.69712303E-01
temps global (hors initialisations) = 0.15813634E+03
